<?xml version="1.0" encoding="UTF-8"?>
<!-- Generated by org.testng.reporters.JUnitReportReporter -->
<testsuite hostname="Sravanthi" failures="0" tests="1" name="DemoTestNG.Example1" time="15.188" errors="0" timestamp="2025-06-30T15:12:05 IST" skipped="0">
  <testcase classname="DemoTestNG.Example1" name="orderproduct" time="15.188">
    <system-out>
      <![CDATA[Product ordered successfully.]]>
    </system-out>
  </testcase> <!-- orderproduct -->
  <system-out>
    <![CDATA[Browsersetup is done.
Login Done
Product ordered successfully.
Logout Done.
Browser Terminated Done.]]>
  </system-out>
</testsuite> <!-- DemoTestNG.Example1 -->
