<?xml version="1.0" encoding="UTF-8"?>
<!-- Generated by org.testng.reporters.JUnitReportReporter -->
<testsuite hostname="Sravanthi" failures="0" tests="3" name="DWS_Assignment.SreeNavya_12" time="40.292" errors="1" timestamp="2025-07-09T14:18:25 IST" skipped="0">
  <testcase classname="DWS_Assignment.SreeNavya_12" name="addProduct" time="23.021">
    <error message="unexpected alert open: {Alert text : Your cart is empty}
  (Session info: chrome=137.0.7151.122): Your cart is empty
Build info: version: &#039;4.32.0&#039;, revision: &#039;d17c8aa950&#039;
System info: os.name: &#039;Windows 11&#039;, os.arch: &#039;amd64&#039;, os.version: &#039;10.0&#039;, java.version: &#039;21.0.6&#039;
Driver info: org.openqa.selenium.chrome.ChromeDriver
Command: [3ba58cd00ba767bb603de641299f9dec, findElement {using=xpath, value=//input[@onclick=&#039;ConfirmOrder.save()&#039;]}]
Capabilities {acceptInsecureCerts: false, browserName: chrome, browserVersion: 137.0.7151.122, chrome: {chromedriverVersion: 137.0.7151.119 (e0ac9d12dff..., userDataDir: C:\Users\srava\AppData\Loca...}, fedcm:accounts: true, goog:chromeOptions: {debuggerAddress: localhost:59593}, networkConnectionEnabled: false, pageLoadStrategy: normal, platformName: windows, proxy: Proxy(), se:cdp: ws://localhost:59593/devtoo..., se:cdpVersion: 137.0.7151.122, setWindowRect: true, strictFileInteractability: false, timeouts: {implicit: 0, pageLoad: 300000, script: 30000}, unhandledPromptBehavior: dismiss and notify, webauthn:extension:credBlob: true, webauthn:extension:largeBlob: true, webauthn:extension:minPinLength: true, webauthn:extension:prf: true, webauthn:virtualAuthenticators: true}
Session ID: 3ba58cd00ba767bb603de641299f9dec" type="org.openqa.selenium.UnhandledAlertException">
      <![CDATA[org.openqa.selenium.UnhandledAlertException: unexpected alert open: {Alert text : Your cart is empty}
  (Session info: chrome=137.0.7151.122): Your cart is empty
Build info: version: '4.32.0', revision: 'd17c8aa950'
System info: os.name: 'Windows 11', os.arch: 'amd64', os.version: '10.0', java.version: '21.0.6'
Driver info: org.openqa.selenium.chrome.ChromeDriver
Command: [3ba58cd00ba767bb603de641299f9dec, findElement {using=xpath, value=//input[@onclick='ConfirmOrder.save()']}]
Capabilities {acceptInsecureCerts: false, browserName: chrome, browserVersion: 137.0.7151.122, chrome: {chromedriverVersion: 137.0.7151.119 (e0ac9d12dff..., userDataDir: C:\Users\srava\AppData\Loca...}, fedcm:accounts: true, goog:chromeOptions: {debuggerAddress: localhost:59593}, networkConnectionEnabled: false, pageLoadStrategy: normal, platformName: windows, proxy: Proxy(), se:cdp: ws://localhost:59593/devtoo..., se:cdpVersion: 137.0.7151.122, setWindowRect: true, strictFileInteractability: false, timeouts: {implicit: 0, pageLoad: 300000, script: 30000}, unhandledPromptBehavior: dismiss and notify, webauthn:extension:credBlob: true, webauthn:extension:largeBlob: true, webauthn:extension:minPinLength: true, webauthn:extension:prf: true, webauthn:virtualAuthenticators: true}
Session ID: 3ba58cd00ba767bb603de641299f9dec
at org.openqa.selenium.remote.codec.w3c.W3CHttpResponseCodec.decode(W3CHttpResponseCodec.java:136)
at org.openqa.selenium.remote.codec.w3c.W3CHttpResponseCodec.decode(W3CHttpResponseCodec.java:50)
at org.openqa.selenium.remote.HttpCommandExecutor.execute(HttpCommandExecutor.java:215)
at org.openqa.selenium.remote.service.DriverCommandExecutor.invokeExecute(DriverCommandExecutor.java:216)
at org.openqa.selenium.remote.service.DriverCommandExecutor.execute(DriverCommandExecutor.java:174)
at org.openqa.selenium.remote.RemoteWebDriver.execute(RemoteWebDriver.java:545)
at org.openqa.selenium.remote.ElementLocation$ElementFinder$2.findElement(ElementLocation.java:165)
at org.openqa.selenium.remote.ElementLocation.findElement(ElementLocation.java:59)
at org.openqa.selenium.remote.RemoteWebDriver.findElement(RemoteWebDriver.java:368)
at org.openqa.selenium.remote.RemoteWebDriver.findElement(RemoteWebDriver.java:362)
at org.openqa.selenium.support.ui.ExpectedConditions$7.apply(ExpectedConditions.java:194)
at org.openqa.selenium.support.ui.ExpectedConditions$7.apply(ExpectedConditions.java:190)
at org.openqa.selenium.support.ui.ExpectedConditions$22.apply(ExpectedConditions.java:627)
at org.openqa.selenium.support.ui.ExpectedConditions$22.apply(ExpectedConditions.java:624)
at org.openqa.selenium.support.ui.FluentWait.until(FluentWait.java:203)
at DWS_Assignment.SreeNavya_12.addProduct(SreeNavya_12.java:171)
at java.base/jdk.internal.reflect.DirectMethodHandleAccessor.invoke(DirectMethodHandleAccessor.java:103)
at java.base/java.lang.reflect.Method.invoke(Method.java:580)
at org.testng.internal.invokers.MethodInvocationHelper.invokeMethod(MethodInvocationHelper.java:141)
at org.testng.internal.invokers.TestInvoker.invokeMethod(TestInvoker.java:687)
at org.testng.internal.invokers.TestInvoker.invokeTestMethod(TestInvoker.java:230)
at org.testng.internal.invokers.MethodRunner.runInSequence(MethodRunner.java:63)
at org.testng.internal.invokers.TestInvoker$MethodInvocationAgent.invoke(TestInvoker.java:995)
at org.testng.internal.invokers.TestInvoker.invokeTestMethods(TestInvoker.java:203)
at org.testng.internal.invokers.TestMethodWorker.invokeTestMethods(TestMethodWorker.java:154)
at org.testng.internal.invokers.TestMethodWorker.run(TestMethodWorker.java:134)
at java.base/java.util.ArrayList.forEach(ArrayList.java:1596)
at org.testng.TestRunner.privateRun(TestRunner.java:741)
at org.testng.TestRunner.run(TestRunner.java:616)
at org.testng.SuiteRunner.runTest(SuiteRunner.java:421)
at org.testng.SuiteRunner$SuiteWorker.run(SuiteRunner.java:463)
at org.testng.internal.thread.ThreadUtil.lambda$execute$0(ThreadUtil.java:64)
at java.base/java.util.concurrent.FutureTask.run(FutureTask.java:317)
at java.base/java.util.concurrent.ThreadPoolExecutor.runWorker(ThreadPoolExecutor.java:1144)
at java.base/java.util.concurrent.ThreadPoolExecutor$Worker.run(ThreadPoolExecutor.java:642)
at java.base/java.lang.Thread.run(Thread.java:1583)
]]>
    </error>
  </testcase> <!-- addProduct -->
  <testcase classname="DWS_Assignment.SreeNavya_12" name="updateprouct" time="11.032">
    <system-out>
      <![CDATA[---updateproduct---]]>
    </system-out>
  </testcase> <!-- updateprouct -->
  <testcase classname="DWS_Assignment.SreeNavya_12" name="Deleteproduct" time="6.239">
    <system-out>
      <![CDATA[---Deleteproduct---]]>
    </system-out>
  </testcase> <!-- Deleteproduct -->
  <system-out>
    <![CDATA[BrowserSetup Done
BrowserSetup Done
Login Done
Demo Web Shop
Login Done
Demo Web Shop. Shopping Cart
Logout Done
BrowserTerminate
Logout Done
BrowserSetup Done
Login Done
Logout Done
BrowserSetup Done
BrowserTerminate
BrowserSetup Done
Login Done
Login Done
Logout Done
BrowserSetup Done
BrowserSetup Done
Login Done
Login Done
Product ordered successfully
Logout Done
BrowserSetup Done
Login Done
BrowserSetup Done
Logout Done
Login Done
BrowserTerminate
BrowserSetup Done
Logout Done
Login Done
Product ordered successfully
Logout Done
BrowserTerminate
BrowserSetup Done
Login Done
Login Done
The product is updated :
BrowserSetup Done
Logout Done
BrowserTerminate
Login Done
Logout Done
BrowserSetup Done
BrowserSetup Done
Login Done
Login Done
BrowserSetup Done
Login Done
Product ordered successfully
Logout Done
Logout Done
BrowserSetup Done
BrowserSetup Done
Login Done
Login Done
Login Done
----UpdateProduct_Ramya_08----
Logout Done
Login Done
---updateproduct---
Logout Done
Login Done
----DeleteProduct_Ramya_08----
product ordered successful
Logout Done
Logout Done
Logout Done
BrowserTerminate
BrowserTerminate
Login Done
updateProduct
Login Done
---Deleteproduct---
BrowserTerminate
Logout Done
Logout Done
BrowserTerminate
BrowserTerminate
Login Done
deleteProduct
Logout Done
BrowserTerminate
Login Done
updateproduct
Logout Done
BrowserTerminate
Login Done
deleteproduct
Logout Done
BrowserTerminate]]>
  </system-out>
</testsuite> <!-- DWS_Assignment.SreeNavya_12 -->
