<?xml version="1.0" encoding="UTF-8"?>
<!-- Generated by org.testng.reporters.JUnitReportReporter -->
<testsuite hostname="Sravanthi" failures="0" tests="3" name="LearningDataProvider.ProductTest" time="0.020" errors="0" timestamp="2025-10-11T10:24:08 IST" skipped="0">
  <testcase classname="LearningDataProvider.ProductTest" name="DemoTest" time="0.001"/>
  <testcase classname="LearningDataProvider.ProductTest" name="DemoTest" time="0.017"/>
  <testcase classname="LearningDataProvider.ProductTest" name="DemoTest" time="0.002"/>
</testsuite> <!-- LearningDataProvider.ProductTest -->
