<?xml version="1.0" encoding="UTF-8"?>
<!-- Generated by org.testng.reporters.JUnitReportReporter -->
<testsuite hostname="Sravanthi" failures="0" tests="6" name="LearningDataProvider.DWS_Register" time="37.314" errors="0" timestamp="2025-07-06T00:10:19 IST" skipped="0">
  <testcase classname="LearningDataProvider.DWS_Register" name="DemoTest" time="6.036"/>
  <testcase classname="LearningDataProvider.DWS_Register" name="DemoTest" time="5.971"/>
  <testcase classname="LearningDataProvider.DWS_Register" name="DemoTest" time="5.999"/>
  <testcase classname="LearningDataProvider.DWS_Register" name="DemoTest" time="6.124"/>
  <testcase classname="LearningDataProvider.DWS_Register" name="DemoTest" time="6.933"/>
  <testcase classname="LearningDataProvider.DWS_Register" name="DemoTest" time="6.251"/>
</testsuite> <!-- LearningDataProvider.DWS_Register -->
