<?xml version="1.0" encoding="UTF-8"?>
<!-- Generated by org.testng.reporters.JUnitReportReporter -->
<testsuite hostname="Sravanthi" failures="0" tests="2" name="LearningTestNG.LearnFlags_2" time="0.016" errors="0" timestamp="2025-07-01T11:09:58 IST" skipped="0">
  <testcase classname="LearningTestNG.LearnFlags_2" name="parent" time="0.015">
    <system-out>
      <![CDATA[parent]]>
    </system-out>
  </testcase> <!-- parent -->
  <testcase classname="LearningTestNG.LearnFlags_2" name="child" time="0.001">
    <system-out>
      <![CDATA[child]]>
    </system-out>
  </testcase> <!-- child -->
  <system-out>
    <![CDATA[parent
child]]>
  </system-out>
</testsuite> <!-- LearningTestNG.LearnFlags_2 -->
