<?xml version="1.0" encoding="UTF-8"?>
<!-- Generated by org.testng.reporters.JUnitReportReporter -->
<testsuite hostname="Sravanthi" failures="0" tests="8" name="LearningTestNG.LearnFlag_4" time="0.032" errors="0" timestamp="2025-07-01T22:51:04 IST" skipped="0">
  <testcase classname="LearningTestNG.LearnFlag_4" name="m2" time="0.004">
    <system-out>
      <![CDATA[m2]]>
    </system-out>
  </testcase> <!-- m2 -->
  <testcase classname="LearningTestNG.LearnFlag_4" name="m2" time="0.003">
    <system-out>
      <![CDATA[m2]]>
    </system-out>
  </testcase> <!-- m2 -->
  <testcase classname="LearningTestNG.LearnFlag_4" name="m2" time="0.002">
    <system-out>
      <![CDATA[m2]]>
    </system-out>
  </testcase> <!-- m2 -->
  <testcase classname="LearningTestNG.LearnFlag_4" name="m2" time="0.003">
    <system-out>
      <![CDATA[m2]]>
    </system-out>
  </testcase> <!-- m2 -->
  <testcase classname="LearningTestNG.LearnFlag_4" name="m2" time="0.002">
    <system-out>
      <![CDATA[m2]]>
    </system-out>
  </testcase> <!-- m2 -->
  <testcase classname="LearningTestNG.LearnFlag_4" name="m1" time="0.003">
    <system-out>
      <![CDATA[m1]]>
    </system-out>
  </testcase> <!-- m1 -->
  <testcase classname="LearningTestNG.LearnFlag_4" name="m1" time="0.003">
    <system-out>
      <![CDATA[m1]]>
    </system-out>
  </testcase> <!-- m1 -->
  <testcase classname="LearningTestNG.LearnFlag_4" name="m1" time="0.012">
    <system-out>
      <![CDATA[m1]]>
    </system-out>
  </testcase> <!-- m1 -->
  <system-out>
    <![CDATA[Browsersetup is done.
login
m1
logout
login
m1
logout
login
m1
logout
login
m2
logout
login
m2
logout
login
m2
logout
login
m2
logout
login
m2
logout
Browser Terminated Done.]]>
  </system-out>
</testsuite> <!-- LearningTestNG.LearnFlag_4 -->
