<?xml version="1.0" encoding="UTF-8"?>
<!-- Generated by org.testng.reporters.JUnitReportReporter -->
<testsuite hostname="Sravanthi" failures="0" tests="3" name="DWS_Assignment.Ramya_08" time="41.510" errors="0" timestamp="2025-07-09T14:18:25 IST" skipped="0">
  <testcase classname="DWS_Assignment.Ramya_08" name="AddProduct" time="26.875">
    <system-out>
      <![CDATA[Product ordered successfully]]>
    </system-out>
  </testcase> <!-- AddProduct -->
  <testcase classname="DWS_Assignment.Ramya_08" name="Updateproduct" time="6.282">
    <system-out>
      <![CDATA[----UpdateProduct_Ramya_08----]]>
    </system-out>
  </testcase> <!-- Updateproduct -->
  <testcase classname="DWS_Assignment.Ramya_08" name="Deleteproduct" time="8.353">
    <system-out>
      <![CDATA[----DeleteProduct_Ramya_08----]]>
    </system-out>
  </testcase> <!-- Deleteproduct -->
  <system-out>
    <![CDATA[BrowserSetup Done
BrowserSetup Done
Login Done
Demo Web Shop
Login Done
Demo Web Shop. Shopping Cart
Logout Done
BrowserTerminate
Logout Done
BrowserSetup Done
Login Done
Logout Done
BrowserSetup Done
BrowserTerminate
BrowserSetup Done
Login Done
Login Done
Logout Done
BrowserSetup Done
BrowserSetup Done
Login Done
Login Done
Product ordered successfully
Logout Done
BrowserSetup Done
Login Done
BrowserSetup Done
Logout Done
Login Done
BrowserTerminate
BrowserSetup Done
Logout Done
Login Done
Product ordered successfully
Logout Done
BrowserTerminate
BrowserSetup Done
Login Done
Login Done
The product is updated :
BrowserSetup Done
Logout Done
BrowserTerminate
Login Done
Logout Done
BrowserSetup Done
BrowserSetup Done
Login Done
Login Done
BrowserSetup Done
Login Done
Product ordered successfully
Logout Done
Logout Done
BrowserSetup Done
BrowserSetup Done
Login Done
Login Done
Login Done
----UpdateProduct_Ramya_08----
Logout Done
Login Done
---updateproduct---
Logout Done
Login Done
----DeleteProduct_Ramya_08----
product ordered successful
Logout Done
Logout Done
Logout Done
BrowserTerminate
BrowserTerminate
Login Done
updateProduct
Login Done
---Deleteproduct---
BrowserTerminate
Logout Done
Logout Done
BrowserTerminate
BrowserTerminate
Login Done
deleteProduct
Logout Done
BrowserTerminate
Login Done
updateproduct
Logout Done
BrowserTerminate
Login Done
deleteproduct
Logout Done
BrowserTerminate]]>
  </system-out>
</testsuite> <!-- DWS_Assignment.Ramya_08 -->
