<?xml version="1.0" encoding="UTF-8"?>
<!-- Generated by org.testng.reporters.JUnitReportReporter -->
<testsuite hostname="Sravanthi" failures="0" tests="3" name="LearningTestNG.LearnFlag_3" time="0.017" errors="0" timestamp="2025-07-01T12:50:11 IST" skipped="2">
  <testcase classname="LearningTestNG.LearnFlag_3" name="add" time="0.017">
    <system-out>
      <![CDATA[add]]>
    </system-out>
  </testcase> <!-- add -->
  <testcase classname="LearningTestNG.LearnFlag_3" name="update">
    <skipped/>
  </testcase> <!-- update -->
  <testcase classname="LearningTestNG.LearnFlag_3" name="delete">
    <skipped/>
  </testcase> <!-- delete -->
  <system-out>
    <![CDATA[add]]>
  </system-out>
</testsuite> <!-- LearningTestNG.LearnFlag_3 -->
