<?xml version="1.0" encoding="UTF-8"?>
<!-- Generated by org.testng.reporters.JUnitReportReporter -->
<testsuite hostname="Sravanthi" failures="0" tests="3" name="DWS_Assignment.Manohar_03" time="32.797" errors="0" timestamp="2025-07-10T11:34:54 IST" skipped="0">
  <testcase classname="DWS_Assignment.Manohar_03" name="updateProduct" time="3.017">
    <system-out>
      <![CDATA[updateProduct]]>
    </system-out>
  </testcase> <!-- updateProduct -->
  <testcase classname="DWS_Assignment.Manohar_03" name="addProduct" time="24.038">
    <system-out>
      <![CDATA[Product ordered successfully]]>
    </system-out>
  </testcase> <!-- addProduct -->
  <testcase classname="DWS_Assignment.Manohar_03" name="deleteProduct" time="5.742">
    <system-out>
      <![CDATA[deleteProduct]]>
    </system-out>
  </testcase> <!-- deleteProduct -->
  <system-out>
    <![CDATA[BrowserSetup Done
Login Done
BrowserSetup Done
Login Done
BrowserSetup Done
Login Done
product ordered sucessfully
Logout Done
BrowserTerminate
BrowserSetup Done
Login Done
product ordered successful
Logout Done
Login Done
updateproduct
Logout Done
Login Done
deleteproduct
Logout Done
BrowserTerminate
BrowserSetup Done
Login Done
Logout Done
BrowserTerminate
BrowserSetup Done
Login Done
Logout Done
BrowserTerminate
BrowserSetup Done
Login Done
Logout Done
BrowserTerminate
BrowserSetup Done
Login Done
Logout Done
BrowserTerminate
BrowserSetup Done
Login Done
Product ordered successfully
Logout Done
Login Done
updateProduct
Logout Done
Login Done
deleteProduct
Logout Done
BrowserTerminate]]>
  </system-out>
</testsuite> <!-- DWS_Assignment.Manohar_03 -->
