<?xml version="1.0" encoding="UTF-8"?>
<!-- Generated by org.testng.reporters.JUnitReportReporter -->
<testsuite hostname="Sravanthi" failures="0" tests="9" name="DWS_Assignment.Anusha_02" time="24.159" errors="3" timestamp="2025-07-09T14:33:54 IST" skipped="6">
  <testcase classname="DWS_Assignment.Anusha_02" name="Addproduct" time="4.840">
    <error message="Cannot invoke &quot;org.openqa.selenium.WebDriver.manage()&quot; because &quot;this.driver&quot; is null" type="java.lang.NullPointerException">
      <![CDATA[java.lang.NullPointerException: Cannot invoke "org.openqa.selenium.WebDriver.manage()" because "this.driver" is null
at DWS_Assignment.Anusha_02.Addproduct(Anusha_02.java:46)
at java.base/jdk.internal.reflect.DirectMethodHandleAccessor.invoke(DirectMethodHandleAccessor.java:103)
at java.base/java.lang.reflect.Method.invoke(Method.java:580)
at org.testng.internal.invokers.MethodInvocationHelper.invokeMethod(MethodInvocationHelper.java:141)
at org.testng.internal.invokers.TestInvoker.invokeMethod(TestInvoker.java:687)
at org.testng.internal.invokers.TestInvoker.invokeTestMethod(TestInvoker.java:230)
at org.testng.internal.invokers.MethodRunner.runInSequence(MethodRunner.java:63)
at org.testng.internal.invokers.TestInvoker$MethodInvocationAgent.invoke(TestInvoker.java:995)
at org.testng.internal.invokers.TestInvoker.invokeTestMethods(TestInvoker.java:203)
at org.testng.internal.invokers.TestMethodWorker.invokeTestMethods(TestMethodWorker.java:154)
at org.testng.internal.invokers.TestMethodWorker.run(TestMethodWorker.java:134)
at java.base/java.util.ArrayList.forEach(ArrayList.java:1596)
at org.testng.TestRunner.privateRun(TestRunner.java:741)
at org.testng.TestRunner.run(TestRunner.java:616)
at org.testng.SuiteRunner.runTest(SuiteRunner.java:421)
at org.testng.SuiteRunner$SuiteWorker.run(SuiteRunner.java:463)
at org.testng.internal.thread.ThreadUtil.lambda$execute$0(ThreadUtil.java:64)
at java.base/java.util.concurrent.FutureTask.run(FutureTask.java:317)
at java.base/java.util.concurrent.ThreadPoolExecutor.runWorker(ThreadPoolExecutor.java:1144)
at java.base/java.util.concurrent.ThreadPoolExecutor$Worker.run(ThreadPoolExecutor.java:642)
at java.base/java.lang.Thread.run(Thread.java:1583)
]]>
    </error>
  </testcase> <!-- Addproduct -->
  <testcase classname="DWS_Assignment.Anusha_02" name="Addproduct" time="6.239">
    <error message="Cannot invoke &quot;org.openqa.selenium.WebDriver.manage()&quot; because &quot;this.driver&quot; is null" type="java.lang.NullPointerException">
      <![CDATA[java.lang.NullPointerException: Cannot invoke "org.openqa.selenium.WebDriver.manage()" because "this.driver" is null
at DWS_Assignment.Anusha_02.Addproduct(Anusha_02.java:46)
at java.base/jdk.internal.reflect.DirectMethodHandleAccessor.invoke(DirectMethodHandleAccessor.java:103)
at java.base/java.lang.reflect.Method.invoke(Method.java:580)
at org.testng.internal.invokers.MethodInvocationHelper.invokeMethod(MethodInvocationHelper.java:141)
at org.testng.internal.invokers.TestInvoker.invokeMethod(TestInvoker.java:687)
at org.testng.internal.invokers.TestInvoker.invokeTestMethod(TestInvoker.java:230)
at org.testng.internal.invokers.MethodRunner.runInSequence(MethodRunner.java:63)
at org.testng.internal.invokers.TestInvoker$MethodInvocationAgent.invoke(TestInvoker.java:995)
at org.testng.internal.invokers.TestInvoker.invokeTestMethods(TestInvoker.java:203)
at org.testng.internal.invokers.TestMethodWorker.invokeTestMethods(TestMethodWorker.java:154)
at org.testng.internal.invokers.TestMethodWorker.run(TestMethodWorker.java:134)
at java.base/java.util.ArrayList.forEach(ArrayList.java:1596)
at org.testng.TestRunner.privateRun(TestRunner.java:741)
at org.testng.TestRunner.run(TestRunner.java:616)
at org.testng.SuiteRunner.runTest(SuiteRunner.java:421)
at org.testng.SuiteRunner$SuiteWorker.run(SuiteRunner.java:463)
at org.testng.internal.thread.ThreadUtil.lambda$execute$0(ThreadUtil.java:64)
at java.base/java.util.concurrent.FutureTask.run(FutureTask.java:317)
at java.base/java.util.concurrent.ThreadPoolExecutor.runWorker(ThreadPoolExecutor.java:1144)
at java.base/java.util.concurrent.ThreadPoolExecutor$Worker.run(ThreadPoolExecutor.java:642)
at java.base/java.lang.Thread.run(Thread.java:1583)
]]>
    </error>
  </testcase> <!-- Addproduct -->
  <testcase classname="DWS_Assignment.Anusha_02" name="Addproduct" time="13.080">
    <error message="Cannot invoke &quot;org.openqa.selenium.WebDriver.manage()&quot; because &quot;this.driver&quot; is null" type="java.lang.NullPointerException">
      <![CDATA[java.lang.NullPointerException: Cannot invoke "org.openqa.selenium.WebDriver.manage()" because "this.driver" is null
at DWS_Assignment.Anusha_02.Addproduct(Anusha_02.java:46)
at java.base/jdk.internal.reflect.DirectMethodHandleAccessor.invoke(DirectMethodHandleAccessor.java:103)
at java.base/java.lang.reflect.Method.invoke(Method.java:580)
at org.testng.internal.invokers.MethodInvocationHelper.invokeMethod(MethodInvocationHelper.java:141)
at org.testng.internal.invokers.TestInvoker.invokeMethod(TestInvoker.java:687)
at org.testng.internal.invokers.TestInvoker.invokeTestMethod(TestInvoker.java:230)
at org.testng.internal.invokers.MethodRunner.runInSequence(MethodRunner.java:63)
at org.testng.internal.invokers.TestInvoker$MethodInvocationAgent.invoke(TestInvoker.java:995)
at org.testng.internal.invokers.TestInvoker.invokeTestMethods(TestInvoker.java:203)
at org.testng.internal.invokers.TestMethodWorker.invokeTestMethods(TestMethodWorker.java:154)
at org.testng.internal.invokers.TestMethodWorker.run(TestMethodWorker.java:134)
at java.base/java.util.ArrayList.forEach(ArrayList.java:1596)
at org.testng.TestRunner.privateRun(TestRunner.java:741)
at org.testng.TestRunner.run(TestRunner.java:616)
at org.testng.SuiteRunner.runTest(SuiteRunner.java:421)
at org.testng.SuiteRunner$SuiteWorker.run(SuiteRunner.java:463)
at org.testng.internal.thread.ThreadUtil.lambda$execute$0(ThreadUtil.java:64)
at java.base/java.util.concurrent.FutureTask.run(FutureTask.java:317)
at java.base/java.util.concurrent.ThreadPoolExecutor.runWorker(ThreadPoolExecutor.java:1144)
at java.base/java.util.concurrent.ThreadPoolExecutor$Worker.run(ThreadPoolExecutor.java:642)
at java.base/java.lang.Thread.run(Thread.java:1583)
]]>
    </error>
  </testcase> <!-- Addproduct -->
  <testcase classname="DWS_Assignment.Anusha_02" name="Updateproduct" time="0.000">
    <skipped/>
  </testcase> <!-- Updateproduct -->
  <testcase classname="DWS_Assignment.Anusha_02" name="Updateproduct" time="0.000">
    <skipped/>
  </testcase> <!-- Updateproduct -->
  <testcase classname="DWS_Assignment.Anusha_02" name="Updateproduct" time="0.000">
    <skipped/>
  </testcase> <!-- Updateproduct -->
  <testcase classname="DWS_Assignment.Anusha_02" name="Deleteproduct" time="0.000">
    <skipped/>
  </testcase> <!-- Deleteproduct -->
  <testcase classname="DWS_Assignment.Anusha_02" name="Deleteproduct" time="0.000">
    <skipped/>
  </testcase> <!-- Deleteproduct -->
  <testcase classname="DWS_Assignment.Anusha_02" name="Deleteproduct" time="0.000">
    <skipped/>
  </testcase> <!-- Deleteproduct -->
  <system-out>
    <![CDATA[BrowserSetup Done
BrowserSetup Done
Login Done
Login Done
Demo Web Shop
Demo Web Shop
BrowserSetup Done
Demo Web Shop. Shopping Cart
Demo Web Shop. Shopping Cart
Logout Done
Logout Done
Login Done
Demo Web Shop
Logout Done
BrowserSetup Done
BrowserSetup Done
Login Done
Logout Done
Login Done
Logout Done
BrowserSetup Done
BrowserSetup Done
Login Done
Login Done
Logout Done
Logout Done
BrowserSetup Done
BrowserTerminate
BrowserTerminate
Login Done
BrowserSetup Done
BrowserSetup Done
Logout Done
Login Done
Login Done
Logout Done
Logout Done
BrowserSetup Done
Login Done
Login Done
The product is updated :
Login Done
The product is updated :
Logout Done
Logout Done
BrowserTerminate
BrowserTerminate
BrowserSetup Done
BrowserSetup Done
Login Done
BrowserSetup Done
Login Done
Login Done
BrowserSetup Done
BrowserSetup Done
Logout Done
Login Done
Login Done
Login Done
The product is updated :
Logout Done
BrowserTerminate
product ordered successful
Logout Done
Logout Done
BrowserTerminate
BrowserTerminate
Login Done
updateproduct
BrowserTerminate
Logout Done
BrowserTerminate
BrowserTerminate
Login Done
deleteproduct
BrowserSetup Done
Logout Done
BrowserTerminate
Login Done
Logout Done
BrowserSetup Done
Login Done
Logout Done
BrowserTerminate
BrowserTerminate
BrowserTerminate
BrowserTerminate]]>
  </system-out>
</testsuite> <!-- DWS_Assignment.Anusha_02 -->
