<?xml version="1.0" encoding="UTF-8"?>
<!-- Generated by org.testng.reporters.JUnitReportReporter -->
<testsuite hostname="Sravanthi" failures="0" tests="3" name="LearningTestNG.LearnFlags" time="0.046" errors="0" timestamp="2025-07-01T10:53:12 IST" skipped="0">
  <testcase classname="LearningTestNG.LearnFlags" name="delete" time="0.041">
    <system-out>
      <![CDATA[delete]]>
    </system-out>
  </testcase> <!-- delete -->
  <testcase classname="LearningTestNG.LearnFlags" name="update" time="0.003">
    <system-out>
      <![CDATA[update]]>
    </system-out>
  </testcase> <!-- update -->
  <testcase classname="LearningTestNG.LearnFlags" name="add" time="0.002">
    <system-out>
      <![CDATA[add]]>
    </system-out>
  </testcase> <!-- add -->
  <system-out>
    <![CDATA[delete
add
update]]>
  </system-out>
</testsuite> <!-- LearningTestNG.LearnFlags -->
