<?xml version="1.0" encoding="UTF-8"?>
<testng-results ignored="0" total="3" passed="3" failed="0" skipped="0">
  <reporter-output>
  </reporter-output>
  <suite started-at="2025-10-11T10:24:08 IST" name="Default suite" finished-at="2025-10-11T10:24:08 IST" duration-ms="115">
    <groups>
    </groups>
    <test started-at="2025-10-11T10:24:08 IST" name="Default test" finished-at="2025-10-11T10:24:08 IST" duration-ms="115">
      <class name="LearningDataProvider.ProductTest">
        <test-method signature="DemoTest(int,java.lang.String,boolean)[pri:0, instance:LearningDataProvider.ProductTest@4afcd809]" started-at="2025-10-11T10:24:08 IST" name="DemoTest" data-provider="BatchData" finished-at="2025-10-11T10:24:08 IST" duration-ms="17" status="PASS">
          <params>
            <param index="0">
              <value>
                <![CDATA[8]]>
              </value>
            </param>
            <param index="1">
              <value>
                <![CDATA[user1]]>
              </value>
            </param>
            <param index="2">
              <value>
                <![CDATA[true]]>
              </value>
            </param>
          </params>
          <reporter-output>
          </reporter-output>
        </test-method> <!-- DemoTest -->
        <test-method signature="DemoTest(int,java.lang.String,boolean)[pri:0, instance:LearningDataProvider.ProductTest@4afcd809]" started-at="2025-10-11T10:24:08 IST" name="DemoTest" data-provider="BatchData" finished-at="2025-10-11T10:24:08 IST" duration-ms="2" status="PASS">
          <params>
            <param index="0">
              <value>
                <![CDATA[12]]>
              </value>
            </param>
            <param index="1">
              <value>
                <![CDATA[user2]]>
              </value>
            </param>
            <param index="2">
              <value>
                <![CDATA[false]]>
              </value>
            </param>
          </params>
          <reporter-output>
          </reporter-output>
        </test-method> <!-- DemoTest -->
        <test-method signature="DemoTest(int,java.lang.String,boolean)[pri:0, instance:LearningDataProvider.ProductTest@4afcd809]" started-at="2025-10-11T10:24:08 IST" name="DemoTest" data-provider="BatchData" finished-at="2025-10-11T10:24:08 IST" duration-ms="1" status="PASS">
          <params>
            <param index="0">
              <value>
                <![CDATA[14]]>
              </value>
            </param>
            <param index="1">
              <value>
                <![CDATA[user3]]>
              </value>
            </param>
            <param index="2">
              <value>
                <![CDATA[true]]>
              </value>
            </param>
          </params>
          <reporter-output>
          </reporter-output>
        </test-method> <!-- DemoTest -->
      </class> <!-- LearningDataProvider.ProductTest -->
    </test> <!-- Default test -->
  </suite> <!-- Default suite -->
</testng-results>
