<?xml version="1.0" encoding="UTF-8"?>
<!-- Generated by org.testng.reporters.JUnitXMLReporter -->
<testsuite ignored="0" hostname="Sravanthi" failures="0" tests="3" name="Test" time="16.14" errors="0" timestamp="2025-07-31T11:08:59 IST">
  <testcase classname="productTest.Example1Test" name="orderproduct2" time="0.026"/>
  <testcase classname="productTest.Example1Test" name="orderproduct3" time="0.004"/>
  <testcase classname="productTest.Example1Test" name="orderProducts" time="3.497"/>
</testsuite> <!-- Test -->
