<?xml version="1.0" encoding="UTF-8"?>
<testng-results ignored="0" total="3" passed="3" failed="0" skipped="0">
  <reporter-output>
    <line>
      <![CDATA[BrowserSetup Done]]>
    </line>
    <line>
      <![CDATA[Login successfully]]>
    </line>
    <line>
      <![CDATA[Logout is done]]>
    </line>
    <line>
      <![CDATA[Login successfully]]>
    </line>
    <line>
      <![CDATA[Logout is done]]>
    </line>
    <line>
      <![CDATA[Login successfully]]>
    </line>
    <line>
      <![CDATA[sravanthi]]>
    </line>
    <line>
      <![CDATA[FirstName]]>
    </line>
    <line>
      <![CDATA[LastName]]>
    </line>
    <line>
      <![CDATA[Zipcode]]>
    </line>
    <line>
      <![CDATA[Logout is done]]>
    </line>
  </reporter-output>
  <suite started-at="2025-07-31T11:08:43 IST" name="RegresssionSuite" finished-at="2025-07-31T11:08:59 IST" duration-ms="16140">
    <groups>
      <group name="RT">
        <method signature="Example1Test.orderProducts(java.lang.String,java.lang.String,java.lang.String)[pri:1, instance:productTest.Example1Test@3eb25e1a]" name="orderProducts" class="productTest.Example1Test"/>
      </group> <!-- RT -->
    </groups>
    <test started-at="2025-07-31T11:08:43 IST" name="Test" finished-at="2025-07-31T11:08:59 IST" duration-ms="16140">
      <class name="productTest.Example1Test">
        <test-method is-config="true" signature="ReportSetup()[pri:0, instance:productTest.Example1Test@3eb25e1a]" started-at="2025-07-31T11:08:43 IST" name="ReportSetup" finished-at="2025-07-31T11:08:44 IST" duration-ms="374" status="PASS">
          <reporter-output>
          </reporter-output>
        </test-method> <!-- ReportSetup -->
        <test-method is-config="true" signature="BrowserSetup()[pri:0, instance:productTest.Example1Test@3eb25e1a]" started-at="2025-07-31T11:08:44 IST" name="BrowserSetup" finished-at="2025-07-31T11:08:49 IST" duration-ms="5292" status="PASS">
          <reporter-output>
            <line>
              <![CDATA[BrowserSetup Done]]>
            </line>
          </reporter-output>
        </test-method> <!-- BrowserSetup -->
        <test-method is-config="true" signature="LogIn()[pri:0, instance:productTest.Example1Test@3eb25e1a]" started-at="2025-07-31T11:08:49 IST" name="LogIn" finished-at="2025-07-31T11:08:50 IST" duration-ms="638" status="PASS">
          <reporter-output>
            <line>
              <![CDATA[Login successfully]]>
            </line>
          </reporter-output>
        </test-method> <!-- LogIn -->
        <test-method signature="orderproduct2()[pri:0, instance:productTest.Example1Test@3eb25e1a]" started-at="2025-07-31T11:08:50 IST" name="orderproduct2" finished-at="2025-07-31T11:08:50 IST" duration-ms="26" status="PASS">
          <reporter-output>
          </reporter-output>
        </test-method> <!-- orderproduct2 -->
        <test-method is-config="true" signature="Logout()[pri:0, instance:productTest.Example1Test@3eb25e1a]" started-at="2025-07-31T11:08:50 IST" name="Logout" finished-at="2025-07-31T11:08:50 IST" duration-ms="722" status="PASS">
          <reporter-output>
            <line>
              <![CDATA[Logout is done]]>
            </line>
          </reporter-output>
        </test-method> <!-- Logout -->
        <test-method is-config="true" signature="LogIn()[pri:0, instance:productTest.Example1Test@3eb25e1a]" started-at="2025-07-31T11:08:50 IST" name="LogIn" finished-at="2025-07-31T11:08:51 IST" duration-ms="459" status="PASS">
          <reporter-output>
            <line>
              <![CDATA[Login successfully]]>
            </line>
          </reporter-output>
        </test-method> <!-- LogIn -->
        <test-method signature="orderproduct3()[pri:0, instance:productTest.Example1Test@3eb25e1a]" started-at="2025-07-31T11:08:51 IST" name="orderproduct3" finished-at="2025-07-31T11:08:51 IST" duration-ms="4" status="PASS">
          <reporter-output>
          </reporter-output>
        </test-method> <!-- orderproduct3 -->
        <test-method is-config="true" signature="Logout()[pri:0, instance:productTest.Example1Test@3eb25e1a]" started-at="2025-07-31T11:08:51 IST" name="Logout" finished-at="2025-07-31T11:08:51 IST" duration-ms="562" status="PASS">
          <reporter-output>
            <line>
              <![CDATA[Logout is done]]>
            </line>
          </reporter-output>
        </test-method> <!-- Logout -->
        <test-method is-config="true" signature="LogIn()[pri:0, instance:productTest.Example1Test@3eb25e1a]" started-at="2025-07-31T11:08:53 IST" name="LogIn" finished-at="2025-07-31T11:08:54 IST" duration-ms="506" status="PASS">
          <reporter-output>
            <line>
              <![CDATA[Login successfully]]>
            </line>
          </reporter-output>
        </test-method> <!-- LogIn -->
        <test-method signature="orderProducts(java.lang.String,java.lang.String,java.lang.String)[pri:1, instance:productTest.Example1Test@3eb25e1a]" started-at="2025-07-31T11:08:54 IST" name="orderProducts" data-provider="checkoutInfo" finished-at="2025-07-31T11:08:57 IST" duration-ms="3497" status="PASS">
          <params>
            <param index="0">
              <value>
                <![CDATA[Sravanthi]]>
              </value>
            </param>
            <param index="1">
              <value>
                <![CDATA[Gundala]]>
              </value>
            </param>
            <param index="2">
              <value>
                <![CDATA[ 500037]]>
              </value>
            </param>
          </params>
          <reporter-output>
            <line>
              <![CDATA[sravanthi]]>
            </line>
            <line>
              <![CDATA[FirstName]]>
            </line>
            <line>
              <![CDATA[LastName]]>
            </line>
            <line>
              <![CDATA[Zipcode]]>
            </line>
          </reporter-output>
        </test-method> <!-- orderProducts -->
        <test-method is-config="true" signature="Logout()[pri:0, instance:productTest.Example1Test@3eb25e1a]" started-at="2025-07-31T11:08:57 IST" name="Logout" finished-at="2025-07-31T11:08:58 IST" duration-ms="473" status="PASS">
          <reporter-output>
            <line>
              <![CDATA[Logout is done]]>
            </line>
          </reporter-output>
        </test-method> <!-- Logout -->
        <test-method is-config="true" signature="broserTerminate()[pri:0, instance:productTest.Example1Test@3eb25e1a]" started-at="2025-07-31T11:08:58 IST" name="broserTerminate" finished-at="2025-07-31T11:08:58 IST" duration-ms="477" status="PASS">
          <reporter-output>
          </reporter-output>
        </test-method> <!-- broserTerminate -->
        <test-method is-config="true" signature="ReportTerminated()[pri:0, instance:productTest.Example1Test@3eb25e1a]" started-at="2025-07-31T11:08:58 IST" name="ReportTerminated" finished-at="2025-07-31T11:08:59 IST" duration-ms="850" status="PASS">
          <reporter-output>
          </reporter-output>
        </test-method> <!-- ReportTerminated -->
      </class> <!-- productTest.Example1Test -->
    </test> <!-- Test -->
  </suite> <!-- RegresssionSuite -->
</testng-results>
