<?xml version="1.0" encoding="UTF-8"?>
<!-- Generated by org.testng.reporters.JUnitXMLReporter -->
<testsuite ignored="0" hostname="Sravanthi" failures="0" tests="3" name="Default test" time="0.115" errors="0" timestamp="2025-10-11T10:24:08 IST">
  <testcase classname="LearningDataProvider.ProductTest" name="DemoTest" time="0.017"/>
  <testcase classname="LearningDataProvider.ProductTest" name="DemoTest" time="0.002"/>
  <testcase classname="LearningDataProvider.ProductTest" name="DemoTest" time="0.001"/>
</testsuite> <!-- Default test -->
