<?xml version="1.0" encoding="UTF-8"?>
<!-- Generated by org.testng.reporters.JUnitXMLReporter -->
<testsuite ignored="2" hostname="Sravanthi" failures="1" tests="14" name="ChromeTest" time="174.196" errors="0" timestamp="2025-07-09T14:09:47 IST">
  <testcase classname="DWS_Assignment.Pranitha_07" name="Addproduct" time="14.441"/>
  <testcase classname="DWS_Assignment.Ramya_08" name="AddProduct" time="14.008"/>
  <testcase classname="DWS_Assignment.RangiSumadhar_09" name="Place_Order" time="0.088">
    <failure type="java.lang.NullPointerException" message="Cannot invoke &amp;quot;org.testng.asserts.SoftAssert.assertTrue(boolean)&amp;quot; because &amp;quot;this.soft&amp;quot; is null">
      <![CDATA[java.lang.NullPointerException: Cannot invoke "org.testng.asserts.SoftAssert.assertTrue(boolean)" because "this.soft" is null
at DWS_Assignment.RangiSumadhar_09.Place_Order(RangiSumadhar_09.java:27)
at java.base/java.util.ArrayList.forEach(ArrayList.java:1596)
... Removed 25 stack frames]]>
    </failure>
  </testcase> <!-- Place_Order -->
  <testcase classname="DWS_Assignment.SaiSree_10" name="addproduct" time="13.665"/>
  <testcase classname="DWS_Assignment.SaiSree_10" name="updateproduct" time="0.006"/>
  <testcase classname="DWS_Assignment.SaiSree_10" name="deleteproduct" time="0.0"/>
  <testcase classname="DWS_Assignment.Sravanthi_11" name="Addproduct" time="19.343"/>
  <testcase classname="DWS_Assignment.Ramya_08" name="Updateproduct" time="0.001"/>
  <testcase classname="DWS_Assignment.Ramya_08" name="Deleteproduct" time="0.008"/>
  <testcase classname="DWS_Assignment.Sravanthi_11" name="Updateproduct" time="0.005"/>
  <testcase classname="DWS_Assignment.Sravanthi_11" name="Deleteproduct" time="0.002"/>
  <testcase classname="DWS_Assignment.SreeNavya_12" name="addProduct" time="13.385"/>
  <testcase classname="DWS_Assignment.SreeNavya_12" name="updateprouct" time="0.007"/>
  <testcase classname="DWS_Assignment.SreeNavya_12" name="Deleteproduct" time="0.002"/>
  <testcase classname="DWS_Assignment.Pranitha_07" name="Updateproduct" time="0.0">
    <ignored/>
  </testcase> <!-- Updateproduct -->
  <testcase classname="DWS_Assignment.Pranitha_07" name="deleteproduct" time="0.0">
    <ignored/>
  </testcase> <!-- deleteproduct -->
</testsuite> <!-- ChromeTest -->
