<html>
<head>
<title>TestNG:  edgeTest</title>
<link href="../testng.css" rel="stylesheet" type="text/css" />
<link href="../my-testng.css" rel="stylesheet" type="text/css" />

<style type="text/css">
.log { display: none;} 
.stack-trace { display: none;} 
</style>
<script type="text/javascript">
<!--
function flip(e) {
  current = e.style.display;
  if (current == 'block') {
    e.style.display = 'none';
    return 0;
  }
  else {
    e.style.display = 'block';
    return 1;
  }
}

function toggleBox(szDivId, elem, msg1, msg2)
{
  var res = -1;  if (document.getElementById) {
    res = flip(document.getElementById(szDivId));
  }
  else if (document.all) {
    // this is the way old msie versions work
    res = flip(document.all[szDivId]);
  }
  if(elem) {
    if(res == 0) elem.innerHTML = msg1; else elem.innerHTML = msg2;
  }

}

function toggleAllBoxes() {
  if (document.getElementsByTagName) {
    d = document.getElementsByTagName('div');
    for (i = 0; i < d.length; i++) {
      if (d[i].className == 'log') {
        flip(d[i]);
      }
    }
  }
}

// -->
</script>

</head>
<body>
<h2 align='center'>edgeTest</h2><table border='1' align="center">
<tr>
<td>Tests passed/Failed/Skipped:</td><td>11/2/2</td>
</tr><tr>
<td>Started on:</td><td>Wed Jul 09 14:04:01 IST 2025</td>
</tr>
<tr><td>Total time:</td><td>171 seconds (171924 ms)</td>
</tr><tr>
<td>Included groups:</td><td></td>
</tr><tr>
<td>Excluded groups:</td><td></td>
</tr>
</table><p/>
<small><i>(Hover the method name to see the test class name)</i></small><p/>
<table width='100%' border='1' class='invocation-failed'>
<tr><td colspan='4' align='center'><b>FAILED TESTS</b></td></tr>
<tr><td><b>Test method</b></td>
<td><b>Attribute(s)</b></td>
<td width="30%"><b>Exception</b></td>
<td width="10%"><b>Time (seconds)</b></td>
<td><b>Instance</b></td>
</tr>
<tr>
<td title='DWS_Assignment.Anusha_02.Addproduct()'><b>Addproduct</b><br>Test class: DWS_Assignment.Anusha_02</td>
<td><div><pre>java.lang.NullPointerException: Cannot invoke &quot;org.openqa.selenium.WebDriver.manage()&quot; because &quot;this.driver&quot; is null
	at DWS_Assignment.Anusha_02.Addproduct(Anusha_02.java:46)
	at java.base/java.util.ArrayList.forEach(ArrayList.java:1596)
... Removed 25 stack frames</pre></div><a href='#' onClick='toggleBox("stack-trace684429600", this, "Click to show all stack frames", "Click to hide stack frames")'>Click to show all stack frames</a>
<div class='stack-trace' id='stack-trace684429600'><pre>java.lang.NullPointerException: Cannot invoke &quot;org.openqa.selenium.WebDriver.manage()&quot; because &quot;this.driver&quot; is null
	at DWS_Assignment.Anusha_02.Addproduct(Anusha_02.java:46)
	at java.base/jdk.internal.reflect.DirectMethodHandleAccessor.invoke(DirectMethodHandleAccessor.java:103)
	at java.base/java.lang.reflect.Method.invoke(Method.java:580)
	at org.testng.internal.invokers.MethodInvocationHelper.invokeMethod(MethodInvocationHelper.java:141)
	at org.testng.internal.invokers.TestInvoker.invokeMethod(TestInvoker.java:687)
	at org.testng.internal.invokers.TestInvoker.invokeTestMethod(TestInvoker.java:230)
	at org.testng.internal.invokers.MethodRunner.runInSequence(MethodRunner.java:63)
	at org.testng.internal.invokers.TestInvoker$MethodInvocationAgent.invoke(TestInvoker.java:995)
	at org.testng.internal.invokers.TestInvoker.invokeTestMethods(TestInvoker.java:203)
	at org.testng.internal.invokers.TestMethodWorker.invokeTestMethods(TestMethodWorker.java:154)
	at org.testng.internal.invokers.TestMethodWorker.run(TestMethodWorker.java:134)
	at java.base/java.util.ArrayList.forEach(ArrayList.java:1596)
	at org.testng.TestRunner.privateRun(TestRunner.java:741)
	at org.testng.TestRunner.run(TestRunner.java:616)
	at org.testng.SuiteRunner.runTest(SuiteRunner.java:421)
	at org.testng.SuiteRunner.runSequentially(SuiteRunner.java:413)
	at org.testng.SuiteRunner.privateRun(SuiteRunner.java:373)
	at org.testng.SuiteRunner.run(SuiteRunner.java:312)
	at org.testng.SuiteRunnerWorker.runSuite(SuiteRunnerWorker.java:52)
	at org.testng.SuiteRunnerWorker.run(SuiteRunnerWorker.java:95)
	at org.testng.TestNG.runSuitesSequentially(TestNG.java:1274)
	at org.testng.TestNG.runSuitesLocally(TestNG.java:1208)
	at org.testng.TestNG.runSuites(TestNG.java:1112)
	at org.testng.TestNG.run(TestNG.java:1079)
	at org.testng.remote.AbstractRemoteTestNG.run(AbstractRemoteTestNG.java:115)
	at org.testng.remote.RemoteTestNG.initAndRun(RemoteTestNG.java:293)
	at org.testng.remote.RemoteTestNG.main(RemoteTestNG.java:91)
</pre></div></td>
<td>0</td>
<td>DWS_Assignment.Anusha_02@55fe41ea</td></tr>
<tr>
<td title='DWS_Assignment.Narshima_04.AddProduct()'><b>AddProduct</b><br>Test class: DWS_Assignment.Narshima_04<br/>
<a href="#Output-566760932" onClick='toggleBox("Output-566760932", this, "Show output", "Hide output");'>Show output</a>

<a href="#Output-566760932" onClick="toggleAllBoxes();">Show all outputs</a>
<div class='log' id="Output-566760932">
Demo Web Shop<br/>
Demo Web Shop. Shopping Cart<br/>
</div>
</td>
<td><div><pre>java.lang.NullPointerException: Cannot invoke &quot;org.testng.asserts.SoftAssert.assertEquals(String, String)&quot; because &quot;this.soft&quot; is null
	at DWS_Assignment.Narshima_04.AddProduct(Narshima_04.java:44)
	at java.base/java.util.ArrayList.forEach(ArrayList.java:1596)
... Removed 25 stack frames</pre></div><a href='#' onClick='toggleBox("stack-trace566760932", this, "Click to show all stack frames", "Click to hide stack frames")'>Click to show all stack frames</a>
<div class='stack-trace' id='stack-trace566760932'><pre>java.lang.NullPointerException: Cannot invoke &quot;org.testng.asserts.SoftAssert.assertEquals(String, String)&quot; because &quot;this.soft&quot; is null
	at DWS_Assignment.Narshima_04.AddProduct(Narshima_04.java:44)
	at java.base/jdk.internal.reflect.DirectMethodHandleAccessor.invoke(DirectMethodHandleAccessor.java:103)
	at java.base/java.lang.reflect.Method.invoke(Method.java:580)
	at org.testng.internal.invokers.MethodInvocationHelper.invokeMethod(MethodInvocationHelper.java:141)
	at org.testng.internal.invokers.TestInvoker.invokeMethod(TestInvoker.java:687)
	at org.testng.internal.invokers.TestInvoker.invokeTestMethod(TestInvoker.java:230)
	at org.testng.internal.invokers.MethodRunner.runInSequence(MethodRunner.java:63)
	at org.testng.internal.invokers.TestInvoker$MethodInvocationAgent.invoke(TestInvoker.java:995)
	at org.testng.internal.invokers.TestInvoker.invokeTestMethods(TestInvoker.java:203)
	at org.testng.internal.invokers.TestMethodWorker.invokeTestMethods(TestMethodWorker.java:154)
	at org.testng.internal.invokers.TestMethodWorker.run(TestMethodWorker.java:134)
	at java.base/java.util.ArrayList.forEach(ArrayList.java:1596)
	at org.testng.TestRunner.privateRun(TestRunner.java:741)
	at org.testng.TestRunner.run(TestRunner.java:616)
	at org.testng.SuiteRunner.runTest(SuiteRunner.java:421)
	at org.testng.SuiteRunner.runSequentially(SuiteRunner.java:413)
	at org.testng.SuiteRunner.privateRun(SuiteRunner.java:373)
	at org.testng.SuiteRunner.run(SuiteRunner.java:312)
	at org.testng.SuiteRunnerWorker.runSuite(SuiteRunnerWorker.java:52)
	at org.testng.SuiteRunnerWorker.run(SuiteRunnerWorker.java:95)
	at org.testng.TestNG.runSuitesSequentially(TestNG.java:1274)
	at org.testng.TestNG.runSuitesLocally(TestNG.java:1208)
	at org.testng.TestNG.runSuites(TestNG.java:1112)
	at org.testng.TestNG.run(TestNG.java:1079)
	at org.testng.remote.AbstractRemoteTestNG.run(AbstractRemoteTestNG.java:115)
	at org.testng.remote.RemoteTestNG.initAndRun(RemoteTestNG.java:293)
	at org.testng.remote.RemoteTestNG.main(RemoteTestNG.java:91)
</pre></div></td>
<td>1</td>
<td>DWS_Assignment.Narshima_04@1ce24091</td></tr>
</table><p>
<table width='100%' border='1' class='invocation-passed'>
<tr><td colspan='4' align='center'><b>PASSED TESTS</b></td></tr>
<tr><td><b>Test method</b></td>
<td><b>Attribute(s)</b></td>
<td width="30%"><b>Exception</b></td>
<td width="10%"><b>Time (seconds)</b></td>
<td><b>Instance</b></td>
</tr>
<tr>
<td title='DWS_Assignment.Pooja_06.Addproduct()'><b>Addproduct</b><br>Test class: DWS_Assignment.Pooja_06<br/>
<a href="#Output-1262693971" onClick='toggleBox("Output-1262693971", this, "Show output", "Hide output");'>Show output</a>

<a href="#Output-1262693971" onClick="toggleAllBoxes();">Show all outputs</a>
<div class='log' id="Output-1262693971">
Product ordered successfully <br/>
</div>
</td>
<td></td>
<td>16</td>
<td>DWS_Assignment.Pooja_06@7a8c8dcf</td></tr>
<tr>
<td title='DWS_Assignment.Akhil_01.deleteproduct()'><b>deleteproduct</b><br>Test class: DWS_Assignment.Akhil_01<br/>
<a href="#Output-2042979183" onClick='toggleBox("Output-2042979183", this, "Show output", "Hide output");'>Show output</a>

<a href="#Output-2042979183" onClick="toggleAllBoxes();">Show all outputs</a>
<div class='log' id="Output-2042979183">
deleteproduct<br/>
</div>
</td>
<td></td>
<td>0</td>
<td>DWS_Assignment.Akhil_01@40005471</td></tr>
<tr>
<td title='DWS_Assignment.Manohar_03.addProduct()'><b>addProduct</b><br>Test class: DWS_Assignment.Manohar_03<br/>
<a href="#Output-1582330795" onClick='toggleBox("Output-1582330795", this, "Show output", "Hide output");'>Show output</a>

<a href="#Output-1582330795" onClick="toggleAllBoxes();">Show all outputs</a>
<div class='log' id="Output-1582330795">
Product ordered successfully<br/>
</div>
</td>
<td></td>
<td>18</td>
<td>DWS_Assignment.Manohar_03@fbd1f6</td></tr>
<tr>
<td title='DWS_Assignment.Narshima_04.UpdateProduct()'><b>UpdateProduct</b><br>Test class: DWS_Assignment.Narshima_04<br/>
<a href="#Output-1684802151" onClick='toggleBox("Output-1684802151", this, "Show output", "Hide output");'>Show output</a>

<a href="#Output-1684802151" onClick="toggleAllBoxes();">Show all outputs</a>
<div class='log' id="Output-1684802151">
The product is updated :<br/>
</div>
</td>
<td></td>
<td>0</td>
<td>DWS_Assignment.Narshima_04@1ce24091</td></tr>
<tr>
<td title='DWS_Assignment.Pooja_06.Deleteproduct()'><b>Deleteproduct</b><br>Test class: DWS_Assignment.Pooja_06</td>
<td></td>
<td>0</td>
<td>DWS_Assignment.Pooja_06@7a8c8dcf</td></tr>
<tr>
<td title='DWS_Assignment.Akhil_01.addproduct()'><b>addproduct</b><br>Test class: DWS_Assignment.Akhil_01<br/>
<a href="#Output-347808407" onClick='toggleBox("Output-347808407", this, "Show output", "Hide output");'>Show output</a>

<a href="#Output-347808407" onClick="toggleAllBoxes();">Show all outputs</a>
<div class='log' id="Output-347808407">
product ordered successful<br/>
</div>
</td>
<td></td>
<td>19</td>
<td>DWS_Assignment.Akhil_01@40005471</td></tr>
<tr>
<td title='DWS_Assignment.Manohar_03.deleteProduct()'><b>deleteProduct</b><br>Test class: DWS_Assignment.Manohar_03<br/>
<a href="#Output-254315540" onClick='toggleBox("Output-254315540", this, "Show output", "Hide output");'>Show output</a>

<a href="#Output-254315540" onClick="toggleAllBoxes();">Show all outputs</a>
<div class='log' id="Output-254315540">
deleteProduct<br/>
</div>
</td>
<td></td>
<td>0</td>
<td>DWS_Assignment.Manohar_03@fbd1f6</td></tr>
<tr>
<td title='DWS_Assignment.Pooja_06.Updateproduct()'><b>Updateproduct</b><br>Test class: DWS_Assignment.Pooja_06</td>
<td></td>
<td>0</td>
<td>DWS_Assignment.Pooja_06@7a8c8dcf</td></tr>
<tr>
<td title='DWS_Assignment.Akhil_01.updateproduct()'><b>updateproduct</b><br>Test class: DWS_Assignment.Akhil_01<br/>
<a href="#Output-1642308093" onClick='toggleBox("Output-1642308093", this, "Show output", "Hide output");'>Show output</a>

<a href="#Output-1642308093" onClick="toggleAllBoxes();">Show all outputs</a>
<div class='log' id="Output-1642308093">
updateproduct<br/>
</div>
</td>
<td></td>
<td>0</td>
<td>DWS_Assignment.Akhil_01@40005471</td></tr>
<tr>
<td title='DWS_Assignment.Manohar_03.updateProduct()'><b>updateProduct</b><br>Test class: DWS_Assignment.Manohar_03<br/>
<a href="#Output-438874950" onClick='toggleBox("Output-438874950", this, "Show output", "Hide output");'>Show output</a>

<a href="#Output-438874950" onClick="toggleAllBoxes();">Show all outputs</a>
<div class='log' id="Output-438874950">
updateProduct<br/>
</div>
</td>
<td></td>
<td>0</td>
<td>DWS_Assignment.Manohar_03@fbd1f6</td></tr>
<tr>
<td title='DWS_Assignment.Nikhil_05.Addproduct()'><b>Addproduct</b><br>Test class: DWS_Assignment.Nikhil_05<br/>
<a href="#Output-905159212" onClick='toggleBox("Output-905159212", this, "Show output", "Hide output");'>Show output</a>

<a href="#Output-905159212" onClick="toggleAllBoxes();">Show all outputs</a>
<div class='log' id="Output-905159212">
product ordered sucessfully<br/>
</div>
</td>
<td></td>
<td>17</td>
<td>DWS_Assignment.Nikhil_05@5dda768f</td></tr>
</table><p>
<table width='100%' border='1' class='invocation-skipped'>
<tr><td colspan='4' align='center'><b>SKIPPED TESTS</b></td></tr>
<tr><td><b>Test method</b></td>
<td><b>Attribute(s)</b></td>
<td width="30%"><b>Exception</b></td>
<td width="10%"><b>Time (seconds)</b></td>
<td><b>Instance</b></td>
</tr>
<tr>
<td title='DWS_Assignment.Anusha_02.Updateproduct()'><b>Updateproduct</b><br>Test class: DWS_Assignment.Anusha_02</td>
<td><div><pre>java.lang.Throwable: Method DWS_Assignment.Anusha_02.Updateproduct() on instance DWS_Assignment.Anusha_02@55fe41ea depends on not successfully finished methods 
[DWS_Assignment.Anusha_02.Addproduct() on instance DWS_Assignment.Anusha_02@55fe41ea]
	at java.base/java.util.ArrayList.forEach(ArrayList.java:1596)
... Removed 18 stack frames</pre></div><a href='#' onClick='toggleBox("stack-trace901815188", this, "Click to show all stack frames", "Click to hide stack frames")'>Click to show all stack frames</a>
<div class='stack-trace' id='stack-trace901815188'><pre>java.lang.Throwable: Method DWS_Assignment.Anusha_02.Updateproduct() on instance DWS_Assignment.Anusha_02@55fe41ea depends on not successfully finished methods 
[DWS_Assignment.Anusha_02.Addproduct() on instance DWS_Assignment.Anusha_02@55fe41ea]
	at org.testng.internal.invokers.TestInvoker.invokeTestMethods(TestInvoker.java:159)
	at org.testng.internal.invokers.TestMethodWorker.invokeTestMethods(TestMethodWorker.java:154)
	at org.testng.internal.invokers.TestMethodWorker.run(TestMethodWorker.java:134)
	at java.base/java.util.ArrayList.forEach(ArrayList.java:1596)
	at org.testng.TestRunner.privateRun(TestRunner.java:741)
	at org.testng.TestRunner.run(TestRunner.java:616)
	at org.testng.SuiteRunner.runTest(SuiteRunner.java:421)
	at org.testng.SuiteRunner.runSequentially(SuiteRunner.java:413)
	at org.testng.SuiteRunner.privateRun(SuiteRunner.java:373)
	at org.testng.SuiteRunner.run(SuiteRunner.java:312)
	at org.testng.SuiteRunnerWorker.runSuite(SuiteRunnerWorker.java:52)
	at org.testng.SuiteRunnerWorker.run(SuiteRunnerWorker.java:95)
	at org.testng.TestNG.runSuitesSequentially(TestNG.java:1274)
	at org.testng.TestNG.runSuitesLocally(TestNG.java:1208)
	at org.testng.TestNG.runSuites(TestNG.java:1112)
	at org.testng.TestNG.run(TestNG.java:1079)
	at org.testng.remote.AbstractRemoteTestNG.run(AbstractRemoteTestNG.java:115)
	at org.testng.remote.RemoteTestNG.initAndRun(RemoteTestNG.java:293)
	at org.testng.remote.RemoteTestNG.main(RemoteTestNG.java:91)
</pre></div></td>
<td>0</td>
<td>DWS_Assignment.Anusha_02@55fe41ea</td></tr>
<tr>
<td title='DWS_Assignment.Anusha_02.Deleteproduct()'><b>Deleteproduct</b><br>Test class: DWS_Assignment.Anusha_02</td>
<td><div><pre>java.lang.Throwable: Method DWS_Assignment.Anusha_02.Deleteproduct() on instance DWS_Assignment.Anusha_02@55fe41ea depends on not successfully finished methods 
[DWS_Assignment.Anusha_02.Addproduct() on instance DWS_Assignment.Anusha_02@55fe41ea]
	at java.base/java.util.ArrayList.forEach(ArrayList.java:1596)
... Removed 18 stack frames</pre></div><a href='#' onClick='toggleBox("stack-trace205496410", this, "Click to show all stack frames", "Click to hide stack frames")'>Click to show all stack frames</a>
<div class='stack-trace' id='stack-trace205496410'><pre>java.lang.Throwable: Method DWS_Assignment.Anusha_02.Deleteproduct() on instance DWS_Assignment.Anusha_02@55fe41ea depends on not successfully finished methods 
[DWS_Assignment.Anusha_02.Addproduct() on instance DWS_Assignment.Anusha_02@55fe41ea]
	at org.testng.internal.invokers.TestInvoker.invokeTestMethods(TestInvoker.java:159)
	at org.testng.internal.invokers.TestMethodWorker.invokeTestMethods(TestMethodWorker.java:154)
	at org.testng.internal.invokers.TestMethodWorker.run(TestMethodWorker.java:134)
	at java.base/java.util.ArrayList.forEach(ArrayList.java:1596)
	at org.testng.TestRunner.privateRun(TestRunner.java:741)
	at org.testng.TestRunner.run(TestRunner.java:616)
	at org.testng.SuiteRunner.runTest(SuiteRunner.java:421)
	at org.testng.SuiteRunner.runSequentially(SuiteRunner.java:413)
	at org.testng.SuiteRunner.privateRun(SuiteRunner.java:373)
	at org.testng.SuiteRunner.run(SuiteRunner.java:312)
	at org.testng.SuiteRunnerWorker.runSuite(SuiteRunnerWorker.java:52)
	at org.testng.SuiteRunnerWorker.run(SuiteRunnerWorker.java:95)
	at org.testng.TestNG.runSuitesSequentially(TestNG.java:1274)
	at org.testng.TestNG.runSuitesLocally(TestNG.java:1208)
	at org.testng.TestNG.runSuites(TestNG.java:1112)
	at org.testng.TestNG.run(TestNG.java:1079)
	at org.testng.remote.AbstractRemoteTestNG.run(AbstractRemoteTestNG.java:115)
	at org.testng.remote.RemoteTestNG.initAndRun(RemoteTestNG.java:293)
	at org.testng.remote.RemoteTestNG.main(RemoteTestNG.java:91)
</pre></div></td>
<td>0</td>
<td>DWS_Assignment.Anusha_02@55fe41ea</td></tr>
</table><p>
</body>
</html>