<?xml version="1.0" encoding="UTF-8"?>
<!-- Generated by org.testng.reporters.JUnitXMLReporter -->
<testsuite ignored="3" hostname="Sravanthi" failures="2" tests="15" name="edgeTest" time="171.924" errors="0" timestamp="2025-07-09T14:06:53 IST">
  <testcase classname="DWS_Assignment.Akhil_01" name="addproduct" time="19.965"/>
  <testcase classname="DWS_Assignment.Akhil_01" name="updateproduct" time="0.002"/>
  <testcase classname="DWS_Assignment.Akhil_01" name="deleteproduct" time="0.014"/>
  <testcase classname="DWS_Assignment.Anusha_02" name="Addproduct" time="0.013">
    <failure type="java.lang.NullPointerException" message="Cannot invoke &amp;quot;org.openqa.selenium.WebDriver.manage()&amp;quot; because &amp;quot;this.driver&amp;quot; is null">
      <![CDATA[java.lang.NullPointerException: Cannot invoke "org.openqa.selenium.WebDriver.manage()" because "this.driver" is null
at DWS_Assignment.Anusha_02.Addproduct(Anusha_02.java:46)
at java.base/java.util.ArrayList.forEach(ArrayList.java:1596)
... Removed 25 stack frames]]>
    </failure>
  </testcase> <!-- Addproduct -->
  <testcase classname="DWS_Assignment.Anusha_02" name="Updateproduct" time="0.0">
    <skipped/>
  </testcase> <!-- Updateproduct -->
  <testcase classname="DWS_Assignment.Anusha_02" name="Deleteproduct" time="0.0">
    <skipped/>
  </testcase> <!-- Deleteproduct -->
  <testcase classname="DWS_Assignment.Manohar_03" name="addProduct" time="18.46"/>
  <testcase classname="DWS_Assignment.Manohar_03" name="updateProduct" time="0.016"/>
  <testcase classname="DWS_Assignment.Manohar_03" name="deleteProduct" time="0.005"/>
  <testcase classname="DWS_Assignment.Narshima_04" name="AddProduct" time="1.108">
    <failure type="java.lang.NullPointerException" message="Cannot invoke &amp;quot;org.testng.asserts.SoftAssert.assertEquals(String, String)&amp;quot; because &amp;quot;this.soft&amp;quot; is null">
      <![CDATA[java.lang.NullPointerException: Cannot invoke "org.testng.asserts.SoftAssert.assertEquals(String, String)" because "this.soft" is null
at DWS_Assignment.Narshima_04.AddProduct(Narshima_04.java:44)
at java.base/java.util.ArrayList.forEach(ArrayList.java:1596)
... Removed 25 stack frames]]>
    </failure>
  </testcase> <!-- AddProduct -->
  <testcase classname="DWS_Assignment.Narshima_04" name="UpdateProduct" time="0.0"/>
  <testcase classname="DWS_Assignment.Nikhil_05" name="Addproduct" time="17.292"/>
  <testcase classname="DWS_Assignment.Pooja_06" name="Addproduct" time="16.547"/>
  <testcase classname="DWS_Assignment.Pooja_06" name="Updateproduct" time="0.0"/>
  <testcase classname="DWS_Assignment.Pooja_06" name="Deleteproduct" time="0.008"/>
  <testcase classname="DWS_Assignment.Nikhil_05" name="Deleteproduct" time="0.0">
    <ignored/>
  </testcase> <!-- Deleteproduct -->
  <testcase classname="DWS_Assignment.Narshima_04" name="DeleteProduct" time="0.0">
    <ignored/>
  </testcase> <!-- DeleteProduct -->
  <testcase classname="DWS_Assignment.Nikhil_05" name="Updateproduct" time="0.0">
    <ignored/>
  </testcase> <!-- Updateproduct -->
</testsuite> <!-- edgeTest -->
