<?xml version="1.0" encoding="UTF-8"?>
<!-- Generated by org.testng.reporters.JUnitXMLReporter -->
<testsuite ignored="24" hostname="Sravanthi" failures="5" tests="24" name="ChromeTest" time="296.911" errors="0" timestamp="2025-07-02T22:45:10 IST">
  <testcase classname="DWS_Assignment.Narshima_04" name="@BeforeClass Browser_Open" time="0.022">
    <failure type="org.openqa.selenium.NoSuchSessionException" message="invalid session id: session deleted as the browser has closed the connection
from disconnected: not connected to DevTools
  (Session info: chrome=137.0.7151.122)
Build info: version: &amp;apos;4.32.0&amp;apos;, revision: &amp;apos;d17c8aa950&amp;apos;
System info: os.name: &amp;apos;Windows 11&amp;apos;, os.arch: &amp;apos;amd64&amp;apos;, os.version: &amp;apos;10.0&amp;apos;, java.version: &amp;apos;21.0.6&amp;apos;
Driver info: org.openqa.selenium.chrome.ChromeDriver
Command: [8d67c9061ffbcb35393baba5467fb43e, get {url=https://demowebshop.tricentis.com}]
Capabilities {acceptInsecureCerts: false, browserName: chrome, browserVersion: 137.0.7151.122, chrome: {chromedriverVersion: 137.0.7151.119 (e0ac9d12dff..., userDataDir: C:\Users\srava\AppData\Loca...}, fedcm:accounts: true, goog:chromeOptions: {debuggerAddress: localhost:57401}, networkConnectionEnabled: false, pageLoadStrategy: normal, platformName: windows, proxy: Proxy(), se:cdp: ws://localhost:57401/devtoo..., se:cdpVersion: 137.0.7151.122, setWindowRect: true, strictFileInteractability: false, timeouts: {implicit: 0, pageLoad: 300000, script: 30000}, unhandledPromptBehavior: dismiss and notify, webauthn:extension:credBlob: true, webauthn:extension:largeBlob: true, webauthn:extension:minPinLength: true, webauthn:extension:prf: true, webauthn:virtualAuthenticators: true}
Session ID: 8d67c9061ffbcb35393baba5467fb43e">
      <![CDATA[org.openqa.selenium.NoSuchSessionException: invalid session id: session deleted as the browser has closed the connection
from disconnected: not connected to DevTools
  (Session info: chrome=137.0.7151.122)
Build info: version: '4.32.0', revision: 'd17c8aa950'
System info: os.name: 'Windows 11', os.arch: 'amd64', os.version: '10.0', java.version: '21.0.6'
Driver info: org.openqa.selenium.chrome.ChromeDriver
Command: [8d67c9061ffbcb35393baba5467fb43e, get {url=https://demowebshop.tricentis.com}]
Capabilities {acceptInsecureCerts: false, browserName: chrome, browserVersion: 137.0.7151.122, chrome: {chromedriverVersion: 137.0.7151.119 (e0ac9d12dff..., userDataDir: C:\Users\srava\AppData\Loca...}, fedcm:accounts: true, goog:chromeOptions: {debuggerAddress: localhost:57401}, networkConnectionEnabled: false, pageLoadStrategy: normal, platformName: windows, proxy: Proxy(), se:cdp: ws://localhost:57401/devtoo..., se:cdpVersion: 137.0.7151.122, setWindowRect: true, strictFileInteractability: false, timeouts: {implicit: 0, pageLoad: 300000, script: 30000}, unhandledPromptBehavior: dismiss and notify, webauthn:extension:credBlob: true, webauthn:extension:largeBlob: true, webauthn:extension:minPinLength: true, webauthn:extension:prf: true, webauthn:virtualAuthenticators: true}
Session ID: 8d67c9061ffbcb35393baba5467fb43e
at org.openqa.selenium.remote.ErrorCodec.decode(ErrorCodec.java:167)
at org.openqa.selenium.remote.codec.w3c.W3CHttpResponseCodec.decode(W3CHttpResponseCodec.java:138)
at org.openqa.selenium.remote.codec.w3c.W3CHttpResponseCodec.decode(W3CHttpResponseCodec.java:50)
at org.openqa.selenium.remote.HttpCommandExecutor.execute(HttpCommandExecutor.java:215)
at org.openqa.selenium.remote.service.DriverCommandExecutor.invokeExecute(DriverCommandExecutor.java:216)
at org.openqa.selenium.remote.service.DriverCommandExecutor.execute(DriverCommandExecutor.java:174)
at org.openqa.selenium.remote.RemoteWebDriver.execute(RemoteWebDriver.java:545)
at org.openqa.selenium.remote.RemoteWebDriver.get(RemoteWebDriver.java:313)
at DWS_Assignment.Narshima_04.Browser_Open(Narshima_04.java:37)
at java.base/java.util.ArrayList.forEach(ArrayList.java:1596)
... Removed 26 stack frames]]>
    </failure>
  </testcase> <!-- @BeforeClass Browser_Open -->
  <testcase classname="DWS_Assignment.Narshima_04" name="@BeforeMethod WebApp_Login" time="0.0">
    <skipped/>
  </testcase> <!-- @BeforeMethod WebApp_Login -->
  <testcase classname="DWS_Assignment.Narshima_04" name="@AfterMethod LogoutMethod" time="0.0">
    <skipped/>
  </testcase> <!-- @AfterMethod LogoutMethod -->
  <testcase classname="DWS_Assignment.Narshima_04" name="@BeforeMethod WebApp_Login" time="0.0">
    <skipped/>
  </testcase> <!-- @BeforeMethod WebApp_Login -->
  <testcase classname="DWS_Assignment.Narshima_04" name="@AfterMethod LogoutMethod" time="0.0">
    <skipped/>
  </testcase> <!-- @AfterMethod LogoutMethod -->
  <testcase classname="DWS_Assignment.Narshima_04" name="@AfterClass closethewebpage" time="0.0">
    <skipped/>
  </testcase> <!-- @AfterClass closethewebpage -->
  <testcase classname="DWS_Assignment.Akhil_01" name="addproduct" time="28.187">
    <failure type="org.openqa.selenium.NoSuchElementException" message="no such element: Unable to locate element: {&amp;quot;method&amp;quot;:&amp;quot;xpath&amp;quot;,&amp;quot;selector&amp;quot;:&amp;quot;//select[@class=&amp;apos;country-input&amp;apos;]&amp;quot;}
  (Session info: chrome=137.0.7151.122)
For documentation on this error, please visit: https://www.selenium.dev/documentation/webdriver/troubleshooting/errors#no-such-element-exception
Build info: version: &amp;apos;4.32.0&amp;apos;, revision: &amp;apos;d17c8aa950&amp;apos;
System info: os.name: &amp;apos;Windows 11&amp;apos;, os.arch: &amp;apos;amd64&amp;apos;, os.version: &amp;apos;10.0&amp;apos;, java.version: &amp;apos;21.0.6&amp;apos;
Driver info: org.openqa.selenium.chrome.ChromeDriver
Command: [b9a59ba74fcaf4df1e7a4a176744acd3, findElement {value=//select[@class=&amp;apos;country-input&amp;apos;], using=xpath}]
Capabilities {acceptInsecureCerts: false, browserName: chrome, browserVersion: 137.0.7151.122, chrome: {chromedriverVersion: 137.0.7151.119 (e0ac9d12dff..., userDataDir: C:\Users\srava\AppData\Loca...}, fedcm:accounts: true, goog:chromeOptions: {debuggerAddress: localhost:57415}, networkConnectionEnabled: false, pageLoadStrategy: normal, platformName: windows, proxy: Proxy(), se:cdp: ws://localhost:57415/devtoo..., se:cdpVersion: 137.0.7151.122, setWindowRect: true, strictFileInteractability: false, timeouts: {implicit: 0, pageLoad: 300000, script: 30000}, unhandledPromptBehavior: dismiss and notify, webauthn:extension:credBlob: true, webauthn:extension:largeBlob: true, webauthn:extension:minPinLength: true, webauthn:extension:prf: true, webauthn:virtualAuthenticators: true}
Session ID: b9a59ba74fcaf4df1e7a4a176744acd3">
      <![CDATA[org.openqa.selenium.NoSuchElementException: no such element: Unable to locate element: {"method":"xpath","selector":"//select[@class='country-input']"}
  (Session info: chrome=137.0.7151.122)
For documentation on this error, please visit: https://www.selenium.dev/documentation/webdriver/troubleshooting/errors#no-such-element-exception
Build info: version: '4.32.0', revision: 'd17c8aa950'
System info: os.name: 'Windows 11', os.arch: 'amd64', os.version: '10.0', java.version: '21.0.6'
Driver info: org.openqa.selenium.chrome.ChromeDriver
Command: [b9a59ba74fcaf4df1e7a4a176744acd3, findElement {value=//select[@class='country-input'], using=xpath}]
Capabilities {acceptInsecureCerts: false, browserName: chrome, browserVersion: 137.0.7151.122, chrome: {chromedriverVersion: 137.0.7151.119 (e0ac9d12dff..., userDataDir: C:\Users\srava\AppData\Loca...}, fedcm:accounts: true, goog:chromeOptions: {debuggerAddress: localhost:57415}, networkConnectionEnabled: false, pageLoadStrategy: normal, platformName: windows, proxy: Proxy(), se:cdp: ws://localhost:57415/devtoo..., se:cdpVersion: 137.0.7151.122, setWindowRect: true, strictFileInteractability: false, timeouts: {implicit: 0, pageLoad: 300000, script: 30000}, unhandledPromptBehavior: dismiss and notify, webauthn:extension:credBlob: true, webauthn:extension:largeBlob: true, webauthn:extension:minPinLength: true, webauthn:extension:prf: true, webauthn:virtualAuthenticators: true}
Session ID: b9a59ba74fcaf4df1e7a4a176744acd3
at org.openqa.selenium.remote.ErrorCodec.decode(ErrorCodec.java:167)
at org.openqa.selenium.remote.codec.w3c.W3CHttpResponseCodec.decode(W3CHttpResponseCodec.java:138)
at org.openqa.selenium.remote.codec.w3c.W3CHttpResponseCodec.decode(W3CHttpResponseCodec.java:50)
at org.openqa.selenium.remote.HttpCommandExecutor.execute(HttpCommandExecutor.java:215)
at org.openqa.selenium.remote.service.DriverCommandExecutor.invokeExecute(DriverCommandExecutor.java:216)
at org.openqa.selenium.remote.service.DriverCommandExecutor.execute(DriverCommandExecutor.java:174)
at org.openqa.selenium.remote.RemoteWebDriver.execute(RemoteWebDriver.java:545)
at org.openqa.selenium.remote.ElementLocation$ElementFinder$2.findElement(ElementLocation.java:165)
at org.openqa.selenium.remote.ElementLocation.findElement(ElementLocation.java:59)
at org.openqa.selenium.remote.RemoteWebDriver.findElement(RemoteWebDriver.java:368)
at org.openqa.selenium.remote.RemoteWebDriver.findElement(RemoteWebDriver.java:362)
at DWS_Assignment.Akhil_01.addproduct(Akhil_01.java:136)
at java.base/java.util.ArrayList.forEach(ArrayList.java:1596)
... Removed 28 stack frames]]>
    </failure>
  </testcase> <!-- addproduct -->
  <testcase classname="DWS_Assignment.Akhil_01" name="deleteproduct" time="0.0">
    <skipped/>
  </testcase> <!-- deleteproduct -->
  <testcase classname="DWS_Assignment.Anusha_02" name="Addproduct" time="5.252">
    <failure type="java.lang.AssertionError" message="expected [Demo Web Shop. Checkout] but found [Demo Web Shop. Shopping Cart]">
      <![CDATA[java.lang.AssertionError: expected [Demo Web Shop. Checkout] but found [Demo Web Shop. Shopping Cart]
at DWS_Assignment.Anusha_02.Addproduct(Anusha_02.java:172)
at java.base/java.util.ArrayList.forEach(ArrayList.java:1596)
... Removed 31 stack frames]]>
    </failure>
  </testcase> <!-- Addproduct -->
  <testcase classname="DWS_Assignment.Manohar_03" name="addProduct" time="4.646">
    <failure type="java.lang.AssertionError" message="expected [Demo Web Shop. Checkout] but found [Demo Web Shop. Shopping Cart]">
      <![CDATA[java.lang.AssertionError: expected [Demo Web Shop. Checkout] but found [Demo Web Shop. Shopping Cart]
at DWS_Assignment.Manohar_03.addProduct(Manohar_03.java:171)
at java.base/java.util.ArrayList.forEach(ArrayList.java:1596)
... Removed 31 stack frames]]>
    </failure>
  </testcase> <!-- addProduct -->
  <testcase classname="DWS_Assignment.Narshima_04" name="AddProduct" time="0.0">
    <skipped/>
  </testcase> <!-- AddProduct -->
  <testcase classname="DWS_Assignment.Narshima_04" name="UpdateProduct" time="0.0">
    <skipped/>
  </testcase> <!-- UpdateProduct -->
  <testcase classname="DWS_Assignment.Nikhil_05" name="Addproduct" time="0.882">
    <failure type="org.openqa.selenium.StaleElementReferenceException" message="stale element reference: stale element not found
  (Session info: chrome=137.0.7151.122)
For documentation on this error, please visit: https://www.selenium.dev/documentation/webdriver/troubleshooting/errors#stale-element-reference-exception
Build info: version: &amp;apos;4.32.0&amp;apos;, revision: &amp;apos;d17c8aa950&amp;apos;
System info: os.name: &amp;apos;Windows 11&amp;apos;, os.arch: &amp;apos;amd64&amp;apos;, os.version: &amp;apos;10.0&amp;apos;, java.version: &amp;apos;21.0.6&amp;apos;
Driver info: org.openqa.selenium.chrome.ChromeDriver
Command: [6583e0bbeb12beac15c5f4b6db92f7cb, isElementDisplayed {id=f.ECFF857DBDE24937312BF3E1AEE8B94E.d.48BE33C59383EA59AA32ABC888C3FC7C.e.98}]
Capabilities {acceptInsecureCerts: false, browserName: chrome, browserVersion: 137.0.7151.122, chrome: {chromedriverVersion: 137.0.7151.119 (e0ac9d12dff..., userDataDir: C:\Users\srava\AppData\Loca...}, fedcm:accounts: true, goog:chromeOptions: {debuggerAddress: localhost:57511}, networkConnectionEnabled: false, pageLoadStrategy: normal, platformName: windows, proxy: Proxy(), se:cdp: ws://localhost:57511/devtoo..., se:cdpVersion: 137.0.7151.122, setWindowRect: true, strictFileInteractability: false, timeouts: {implicit: 0, pageLoad: 300000, script: 30000}, unhandledPromptBehavior: dismiss and notify, webauthn:extension:credBlob: true, webauthn:extension:largeBlob: true, webauthn:extension:minPinLength: true, webauthn:extension:prf: true, webauthn:virtualAuthenticators: true}
Element: [[ChromeDriver: chrome on windows (6583e0bbeb12beac15c5f4b6db92f7cb)] -&amp;gt; xpath: //input[@value=&amp;apos;Add to cart&amp;apos;]]
Session ID: 6583e0bbeb12beac15c5f4b6db92f7cb">
      <![CDATA[org.openqa.selenium.StaleElementReferenceException: stale element reference: stale element not found
  (Session info: chrome=137.0.7151.122)
For documentation on this error, please visit: https://www.selenium.dev/documentation/webdriver/troubleshooting/errors#stale-element-reference-exception
Build info: version: '4.32.0', revision: 'd17c8aa950'
System info: os.name: 'Windows 11', os.arch: 'amd64', os.version: '10.0', java.version: '21.0.6'
Driver info: org.openqa.selenium.chrome.ChromeDriver
Command: [6583e0bbeb12beac15c5f4b6db92f7cb, isElementDisplayed {id=f.ECFF857DBDE24937312BF3E1AEE8B94E.d.48BE33C59383EA59AA32ABC888C3FC7C.e.98}]
Capabilities {acceptInsecureCerts: false, browserName: chrome, browserVersion: 137.0.7151.122, chrome: {chromedriverVersion: 137.0.7151.119 (e0ac9d12dff..., userDataDir: C:\Users\srava\AppData\Loca...}, fedcm:accounts: true, goog:chromeOptions: {debuggerAddress: localhost:57511}, networkConnectionEnabled: false, pageLoadStrategy: normal, platformName: windows, proxy: Proxy(), se:cdp: ws://localhost:57511/devtoo..., se:cdpVersion: 137.0.7151.122, setWindowRect: true, strictFileInteractability: false, timeouts: {implicit: 0, pageLoad: 300000, script: 30000}, unhandledPromptBehavior: dismiss and notify, webauthn:extension:credBlob: true, webauthn:extension:largeBlob: true, webauthn:extension:minPinLength: true, webauthn:extension:prf: true, webauthn:virtualAuthenticators: true}
Element: [[ChromeDriver: chrome on windows (6583e0bbeb12beac15c5f4b6db92f7cb)] -> xpath: //input[@value='Add to cart']]
Session ID: 6583e0bbeb12beac15c5f4b6db92f7cb
at org.openqa.selenium.remote.ErrorCodec.decode(ErrorCodec.java:167)
at org.openqa.selenium.remote.codec.w3c.W3CHttpResponseCodec.decode(W3CHttpResponseCodec.java:138)
at org.openqa.selenium.remote.codec.w3c.W3CHttpResponseCodec.decode(W3CHttpResponseCodec.java:50)
at org.openqa.selenium.remote.HttpCommandExecutor.execute(HttpCommandExecutor.java:215)
at org.openqa.selenium.remote.service.DriverCommandExecutor.invokeExecute(DriverCommandExecutor.java:216)
at org.openqa.selenium.remote.service.DriverCommandExecutor.execute(DriverCommandExecutor.java:174)
at org.openqa.selenium.remote.RemoteWebDriver.execute(RemoteWebDriver.java:545)
at org.openqa.selenium.remote.RemoteWebElement.execute(RemoteWebElement.java:223)
at org.openqa.selenium.remote.RemoteWebElement.isDisplayed(RemoteWebElement.java:282)
at DWS_Assignment.Nikhil_05.Addproduct(Nikhil_05.java:93)
at java.base/java.util.ArrayList.forEach(ArrayList.java:1596)
... Removed 28 stack frames]]>
    </failure>
  </testcase> <!-- Addproduct -->
  <testcase classname="DWS_Assignment.Pooja_06" name="Addproduct" time="10.929"/>
  <testcase classname="DWS_Assignment.Pranitha_07" name="Addproduct" time="9.076"/>
  <testcase classname="DWS_Assignment.Pranitha_07" name="Addproduct" time="7.732"/>
  <testcase classname="DWS_Assignment.Ramya_08" name="AddProduct" time="10.054"/>
  <testcase classname="DWS_Assignment.RangiSumadhar_09" name="Task1" time="28.778"/>
  <testcase classname="DWS_Assignment.SaiSree_10" name="addproduct" time="9.751"/>
  <testcase classname="DWS_Assignment.SaiSree_10" name="addproduct" time="8.545"/>
  <testcase classname="DWS_Assignment.Sravanthi_11" name="Addproduct" time="13.92"/>
  <testcase classname="DWS_Assignment.Sravanthi_11" name="Updateproduct" time="0.002"/>
  <testcase classname="DWS_Assignment.Sravanthi_11" name="Deleteproduct" time="0.002"/>
  <testcase classname="DWS_Assignment.SreeNavya_12" name="addProduct" time="9.113"/>
  <testcase classname="DWS_Assignment.Sudarshan_13" name="orderProduct" time="10.01"/>
  <testcase classname="DWS_Assignment.Veerendra_14" name="addProduct" time="4.74">
    <failure type="java.lang.AssertionError" message="expected [Demo Web Shop. Checkout] but found [Demo Web Shop. Shopping Cart]">
      <![CDATA[java.lang.AssertionError: expected [Demo Web Shop. Checkout] but found [Demo Web Shop. Shopping Cart]
at DWS_Assignment.Veerendra_14.addProduct(Veerendra_14.java:171)
at java.base/java.util.ArrayList.forEach(ArrayList.java:1596)
... Removed 31 stack frames]]>
    </failure>
  </testcase> <!-- addProduct -->
  <testcase classname="DWS_Assignment.Venkatesh_15" name="Task1" time="0.0"/>
  <testcase classname="DWS_Assignment.Shirisha_16" name="Addproduct" time="18.514"/>
  <testcase classname="DWS_Assignment.Pooja_17" name="Addproduct" time="11.763"/>
  <testcase classname="DWS_Assignment.Bhargavi_18" name="Task1" time="0.004"/>
  <testcase classname="DWS_Assignment.Pooja_17" name="Deleteproduct" time="0.0">
    <ignored/>
  </testcase> <!-- Deleteproduct -->
  <testcase classname="DWS_Assignment.Shirisha_16" name="Deleteproduct" time="0.0">
    <ignored/>
  </testcase> <!-- Deleteproduct -->
  <testcase classname="DWS_Assignment.SaiSree_10" name="updateproduct" time="0.0">
    <ignored/>
  </testcase> <!-- updateproduct -->
  <testcase classname="DWS_Assignment.Anusha_02" name="Deleteproduct" time="0.0">
    <ignored/>
  </testcase> <!-- Deleteproduct -->
  <testcase classname="DWS_Assignment.Pranitha_07" name="deleteproduct" time="0.0">
    <ignored/>
  </testcase> <!-- deleteproduct -->
  <testcase classname="DWS_Assignment.Pooja_17" name="Updateproduct" time="0.0">
    <ignored/>
  </testcase> <!-- Updateproduct -->
  <testcase classname="DWS_Assignment.Narshima_04" name="DeleteProduct" time="0.0">
    <ignored/>
  </testcase> <!-- DeleteProduct -->
  <testcase classname="DWS_Assignment.Nikhil_05" name="Deleteproduct" time="0.0">
    <ignored/>
  </testcase> <!-- Deleteproduct -->
  <testcase classname="DWS_Assignment.Pranitha_07" name="Updateproduct" time="0.0">
    <ignored/>
  </testcase> <!-- Updateproduct -->
  <testcase classname="DWS_Assignment.SreeNavya_12" name="Deleteproduct" time="0.0">
    <ignored/>
  </testcase> <!-- Deleteproduct -->
  <testcase classname="DWS_Assignment.Ramya_08" name="Updateproduct" time="0.0">
    <ignored/>
  </testcase> <!-- Updateproduct -->
  <testcase classname="DWS_Assignment.Shirisha_16" name="Updateproduct" time="0.0">
    <ignored/>
  </testcase> <!-- Updateproduct -->
  <testcase classname="DWS_Assignment.Pooja_06" name="Updateproduct" time="0.0">
    <ignored/>
  </testcase> <!-- Updateproduct -->
  <testcase classname="DWS_Assignment.Akhil_01" name="updateproduct" time="0.0">
    <ignored/>
  </testcase> <!-- updateproduct -->
  <testcase classname="DWS_Assignment.Anusha_02" name="Updateproduct" time="0.0">
    <ignored/>
  </testcase> <!-- Updateproduct -->
  <testcase classname="DWS_Assignment.Manohar_03" name="updateProduct" time="0.0">
    <ignored/>
  </testcase> <!-- updateProduct -->
  <testcase classname="DWS_Assignment.Pooja_06" name="Deleteproduct" time="0.0">
    <ignored/>
  </testcase> <!-- Deleteproduct -->
  <testcase classname="DWS_Assignment.SaiSree_10" name="deleteproduct" time="0.0">
    <ignored/>
  </testcase> <!-- deleteproduct -->
  <testcase classname="DWS_Assignment.Veerendra_14" name="deleteProduct" time="0.0">
    <ignored/>
  </testcase> <!-- deleteProduct -->
  <testcase classname="DWS_Assignment.Nikhil_05" name="Updateproduct" time="0.0">
    <ignored/>
  </testcase> <!-- Updateproduct -->
  <testcase classname="DWS_Assignment.Ramya_08" name="Deleteproduct" time="0.0">
    <ignored/>
  </testcase> <!-- Deleteproduct -->
  <testcase classname="DWS_Assignment.Manohar_03" name="deleteProduct" time="0.0">
    <ignored/>
  </testcase> <!-- deleteProduct -->
  <testcase classname="DWS_Assignment.Veerendra_14" name="updateProduct" time="0.0">
    <ignored/>
  </testcase> <!-- updateProduct -->
  <testcase classname="DWS_Assignment.SreeNavya_12" name="updateprouct" time="0.0">
    <ignored/>
  </testcase> <!-- updateprouct -->
</testsuite> <!-- ChromeTest -->
